#
# There is insufficient memory for the Java Runtime Environment to continue.
# Native memory allocation (mmap) failed to map 205520896 bytes for G1 virtual space
# Possible reasons:
#   The system is out of physical RAM or swap space
#   The process is running with CompressedOops enabled, and the Java Heap may be blocking the growth of the native heap
# Possible solutions:
#   Reduce memory load on the system
#   Increase physical memory or swap space
#   Check if swap backing store is full
#   Decrease Java heap size (-Xmx/-Xms)
#   Decrease number of Java threads
#   Decrease Java thread stack sizes (-Xss)
#   Set larger code cache with -XX:ReservedCodeCacheSize=
#   JVM is running with Unscaled Compressed Oops mode in which the Java heap is
#     placed in the first 4GB address space. The Java Heap base address is the
#     maximum limit for the native heap growth. Please use -XX:HeapBaseMinAddress
#     to set the Java Heap base and to place the Java Heap above 4GB virtual address.
# This output file may be truncated or incomplete.
#
#  Out of Memory Error (os_windows.cpp:3769), pid=13980, tid=3400
#
# JRE version: OpenJDK Runtime Environment (17.0.6) (build 17.0.6+0-b2043.56-10027231)
# Java VM: OpenJDK 64-Bit Server VM (17.0.6+0-b2043.56-10027231, mixed mode, tiered, compressed oops, compressed class ptrs, g1 gc, windows-amd64)
# No core dump will be written. Minidumps are not enabled by default on client versions of Windows
#

---------------  S U M M A R Y ------------

Command Line: --add-opens=java.base/java.util=ALL-UNNAMED --add-opens=java.base/java.lang=ALL-UNNAMED --add-opens=java.base/java.lang.invoke=ALL-UNNAMED --add-opens=java.prefs/java.util.prefs=ALL-UNNAMED --add-opens=java.base/java.nio.charset=ALL-UNNAMED --add-opens=java.base/java.net=ALL-UNNAMED --add-opens=java.base/java.util.concurrent.atomic=ALL-UNNAMED -Xmx2048m -Dfile.encoding=UTF-8 -Duser.country=CO -Duser.language=es -Duser.variant org.gradle.launcher.daemon.bootstrap.GradleDaemon 8.0

Host: Intel(R) Core(TM) i3-6006U CPU @ 2.00GHz, 4 cores, 3G,  Windows 10 , 64 bit Build 19041 (10.0.19041.3393)
Time: Mon Sep 25 13:24:05 2023 Hora est. Pacífico, Sudamérica elapsed time: 78.522968 seconds (0d 0h 1m 18s)

---------------  T H R E A D  ---------------

Current thread (0x000001bb2e15fd10):  VMThread "VM Thread" [stack: 0x000000209e000000,0x000000209e100000] [id=3400]

Stack: [0x000000209e000000,0x000000209e100000]
Native frames: (J=compiled Java code, j=interpreted, Vv=VM code, C=native code)
V  [jvm.dll+0x683c9a]
V  [jvm.dll+0x8427a4]
V  [jvm.dll+0x843f9e]
V  [jvm.dll+0x844603]
V  [jvm.dll+0x249b75]
V  [jvm.dll+0x680b69]
V  [jvm.dll+0x67505a]
V  [jvm.dll+0x309acb]
V  [jvm.dll+0x310f86]
V  [jvm.dll+0x3608ee]
V  [jvm.dll+0x360b1f]
V  [jvm.dll+0x2dfbf8]
V  [jvm.dll+0x2ddec4]
V  [jvm.dll+0x2dd4cc]
V  [jvm.dll+0x321f3b]
V  [jvm.dll+0x848ccb]
V  [jvm.dll+0x849a04]
V  [jvm.dll+0x849f1d]
V  [jvm.dll+0x84a2f4]
V  [jvm.dll+0x84a3c0]
V  [jvm.dll+0x7f274a]
V  [jvm.dll+0x682ad5]
C  [ucrtbase.dll+0x21bb2]
C  [KERNEL32.DLL+0x17344]
C  [ntdll.dll+0x526b1]

VM_Operation (0x00000020a3efc320): G1CollectForAllocation, mode: safepoint, requested by thread 0x000001bb333effe0


---------------  P R O C E S S  ---------------

Threads class SMR info:
_java_thread_list=0x000001bb334e2ee0, length=91, elements={
0x000001bb14c21330, 0x000001bb2e1ae890, 0x000001bb2e1e1d90, 0x000001bb2e1ccf70,
0x000001bb2e20b430, 0x000001bb2e20b9f0, 0x000001bb2e1ce370, 0x000001bb2ec06900,
0x000001bb2ec0f3c0, 0x000001bb2ec119d0, 0x000001bb2eda8010, 0x000001bb2ed8eef0,
0x000001bb303964a0, 0x000001bb30511570, 0x000001bb2fb75560, 0x000001bb2ffe2ef0,
0x000001bb3024b700, 0x000001bb2f600c00, 0x000001bb2f600260, 0x000001bb2f6010d0,
0x000001bb2f6015a0, 0x000001bb2f600730, 0x000001bb2f291340, 0x000001bb2f2921b0,
0x000001bb2f290e70, 0x000001bb2f291ce0, 0x000001bb2f292680, 0x000001bb2f293020,
0x000001bb2f2934f0, 0x000001bb2f2939c0, 0x000001bb2f293e90, 0x000001bb2f294360,
0x000001bb2f2909a0, 0x000001bb312370f0, 0x000001bb31237f60, 0x000001bb31235410,
0x000001bb312328c0, 0x000001bb31233c00, 0x000001bb31233260, 0x000001bb312340d0,
0x000001bb31238900, 0x000001bb312375c0, 0x000001bb312310b0, 0x000001bb31231580,
0x000001bb31231f20, 0x000001bb312323f0, 0x000001bb31234a70, 0x000001bb31235db0,
0x000001bb31236280, 0x000001bb31232d90, 0x000001bb31b78c00, 0x000001bb31b7a8e0,
0x000001bb31b7fab0, 0x000001bb31b7a410, 0x000001bb31b7c0f0, 0x000001bb31b7c5c0,
0x000001bb31b7ca90, 0x000001bb31b7ddd0, 0x000001bb31b7d430, 0x000001bb31b7cf60,
0x000001bb31b78260, 0x000001bb31b78730, 0x000001bb31b7d900, 0x000001bb31b7adb0,
0x000001bb31b795a0, 0x000001bb31b7f110, 0x000001bb31b7b280, 0x000001bb31b7e770,
0x000001bb31b7b750, 0x000001bb31b79a70, 0x000001bb31b790d0, 0x000001bb31b79f40,
0x000001bb31b7f5e0, 0x000001bb31b7ec40, 0x000001bb31b7bc20, 0x000001bb31b7e2a0,
0x000001bb333f1cc0, 0x000001bb333f2190, 0x000001bb333eeca0, 0x000001bb333f34d0,
0x000001bb333f04b0, 0x000001bb333f2660, 0x000001bb333ec620, 0x000001bb333ecaf0,
0x000001bb333efb10, 0x000001bb333ee7d0, 0x000001bb333ecfc0, 0x000001bb333effe0,
0x000001bb333f0e50, 0x000001bb333f17f0, 0x000001bb2f5ffd90
}

Java Threads: ( => current thread )
  0x000001bb14c21330 JavaThread "main" [_thread_blocked, id=1760, stack(0x000000209da00000,0x000000209db00000)]
  0x000001bb2e1ae890 JavaThread "Reference Handler" daemon [_thread_blocked, id=7620, stack(0x000000209e100000,0x000000209e200000)]
  0x000001bb2e1e1d90 JavaThread "Finalizer" daemon [_thread_blocked, id=12968, stack(0x000000209e200000,0x000000209e300000)]
  0x000001bb2e1ccf70 JavaThread "Signal Dispatcher" daemon [_thread_blocked, id=1916, stack(0x000000209e300000,0x000000209e400000)]
  0x000001bb2e20b430 JavaThread "Attach Listener" daemon [_thread_blocked, id=7372, stack(0x000000209e400000,0x000000209e500000)]
  0x000001bb2e20b9f0 JavaThread "Service Thread" daemon [_thread_blocked, id=11224, stack(0x000000209e500000,0x000000209e600000)]
  0x000001bb2e1ce370 JavaThread "Monitor Deflation Thread" daemon [_thread_blocked, id=868, stack(0x000000209e600000,0x000000209e700000)]
  0x000001bb2ec06900 JavaThread "C2 CompilerThread0" daemon [_thread_blocked, id=10688, stack(0x000000209e700000,0x000000209e800000)]
  0x000001bb2ec0f3c0 JavaThread "C1 CompilerThread0" daemon [_thread_blocked, id=11896, stack(0x000000209e800000,0x000000209e900000)]
  0x000001bb2ec119d0 JavaThread "Sweeper thread" daemon [_thread_blocked, id=5836, stack(0x000000209e900000,0x000000209ea00000)]
  0x000001bb2eda8010 JavaThread "Common-Cleaner" daemon [_thread_blocked, id=7436, stack(0x000000209ea00000,0x000000209eb00000)]
  0x000001bb2ed8eef0 JavaThread "Notification Thread" daemon [_thread_blocked, id=12860, stack(0x000000209eb00000,0x000000209ec00000)]
  0x000001bb303964a0 JavaThread "Daemon health stats" [_thread_blocked, id=8208, stack(0x000000209f000000,0x000000209f100000)]
  0x000001bb30511570 JavaThread "Incoming local TCP Connector on port 60941" [_thread_in_native, id=12948, stack(0x000000209f100000,0x000000209f200000)]
  0x000001bb2fb75560 JavaThread "Daemon periodic checks" [_thread_blocked, id=13452, stack(0x000000209f200000,0x000000209f300000)]
  0x000001bb2ffe2ef0 JavaThread "Daemon" [_thread_blocked, id=7056, stack(0x000000209f300000,0x000000209f400000)]
  0x000001bb3024b700 JavaThread "Handler for socket connection from /127.0.0.1:60941 to /127.0.0.1:60942" [_thread_in_native, id=7148, stack(0x000000209f400000,0x000000209f500000)]
  0x000001bb2f600c00 JavaThread "Cancel handler" [_thread_blocked, id=4644, stack(0x000000209f500000,0x000000209f600000)]
  0x000001bb2f600260 JavaThread "Daemon worker" [_thread_blocked, id=9196, stack(0x000000209f600000,0x000000209f700000)]
  0x000001bb2f6010d0 JavaThread "Asynchronous log dispatcher for DefaultDaemonConnection: socket connection from /127.0.0.1:60941 to /127.0.0.1:60942" [_thread_blocked, id=5108, stack(0x000000209f700000,0x000000209f800000)]
  0x000001bb2f6015a0 JavaThread "Stdin handler" [_thread_blocked, id=12208, stack(0x000000209f800000,0x000000209f900000)]
  0x000001bb2f600730 JavaThread "Daemon client event forwarder" [_thread_blocked, id=8572, stack(0x000000209f900000,0x000000209fa00000)]
  0x000001bb2f291340 JavaThread "Cache worker for journal cache (C:\Users\NICOLAS\.gradle\caches\journal-1)" [_thread_blocked, id=12844, stack(0x000000209fa00000,0x000000209fb00000)]
  0x000001bb2f2921b0 JavaThread "File lock request listener" [_thread_in_native, id=3544, stack(0x000000209fb00000,0x000000209fc00000)]
  0x000001bb2f290e70 JavaThread "Cache worker for file hash cache (C:\Users\NICOLAS\.gradle\caches\8.0\fileHashes)" [_thread_blocked, id=6764, stack(0x000000209fc00000,0x000000209fd00000)]
  0x000001bb2f291ce0 JavaThread "File watcher server" daemon [_thread_blocked, id=4256, stack(0x000000209fd00000,0x000000209fe00000)]
  0x000001bb2f292680 JavaThread "File watcher consumer" daemon [_thread_blocked, id=8928, stack(0x000000209fe00000,0x000000209ff00000)]
  0x000001bb2f293020 JavaThread "Cache worker for checksums cache (C:\Users\NICOLAS\Documents\AndroidStudio\IMC\.gradle\8.0\checksums)" [_thread_blocked, id=6484, stack(0x000000209ff00000,0x00000020a0000000)]
  0x000001bb2f2934f0 JavaThread "Cache worker for cache directory md-rule (C:\Users\NICOLAS\.gradle\caches\8.0\md-rule)" [_thread_blocked, id=8616, stack(0x00000020a0000000,0x00000020a0100000)]
  0x000001bb2f2939c0 JavaThread "Cache worker for file content cache (C:\Users\NICOLAS\.gradle\caches\8.0\fileContent)" [_thread_blocked, id=11672, stack(0x00000020a0100000,0x00000020a0200000)]
  0x000001bb2f293e90 JavaThread "Cache worker for file hash cache (C:\Users\NICOLAS\Documents\AndroidStudio\IMC\.gradle\8.0\fileHashes)" [_thread_blocked, id=208, stack(0x00000020a0200000,0x00000020a0300000)]
  0x000001bb2f294360 JavaThread "Cache worker for cache directory md-supplier (C:\Users\NICOLAS\.gradle\caches\8.0\md-supplier)" [_thread_blocked, id=4736, stack(0x00000020a0300000,0x00000020a0400000)]
  0x000001bb2f2909a0 JavaThread "Cache worker for execution history cache (C:\Users\NICOLAS\.gradle\caches\8.0\executionHistory)" [_thread_blocked, id=10924, stack(0x00000020a0400000,0x00000020a0500000)]
  0x000001bb312370f0 JavaThread "jar transforms" [_thread_blocked, id=6572, stack(0x00000020a0600000,0x00000020a0700000)]
  0x000001bb31237f60 JavaThread "jar transforms Thread 2" [_thread_blocked, id=5336, stack(0x00000020a0700000,0x00000020a0800000)]
  0x000001bb31235410 JavaThread "Cache worker for kotlin-dsl (C:\Users\NICOLAS\.gradle\caches\8.0\kotlin-dsl)" [_thread_blocked, id=2612, stack(0x00000020a0800000,0x00000020a0900000)]
  0x000001bb312328c0 JavaThread "jar transforms Thread 3" [_thread_blocked, id=13428, stack(0x00000020a0900000,0x00000020a0a00000)]
  0x000001bb31233c00 JavaThread "jar transforms Thread 4" [_thread_blocked, id=6796, stack(0x00000020a0a00000,0x00000020a0b00000)]
  0x000001bb31233260 JavaThread "Cache worker for dependencies-accessors (C:\Users\NICOLAS\Documents\AndroidStudio\IMC\.gradle\8.0\dependencies-accessors)" [_thread_blocked, id=4512, stack(0x00000020a0b00000,0x00000020a0c00000)]
  0x000001bb312340d0 JavaThread "Cache worker for Build Output Cleanup Cache (C:\Users\NICOLAS\Documents\AndroidStudio\IMC\.gradle\buildOutputCleanup)" [_thread_blocked, id=5356, stack(0x00000020a0c00000,0x00000020a0d00000)]
  0x000001bb31238900 JavaThread "Unconstrained build operations" [_thread_blocked, id=3164, stack(0x00000020a0e00000,0x00000020a0f00000)]
  0x000001bb312375c0 JavaThread "Unconstrained build operations Thread 2" [_thread_blocked, id=7340, stack(0x00000020a0f00000,0x00000020a1000000)]
  0x000001bb312310b0 JavaThread "Unconstrained build operations Thread 3" [_thread_blocked, id=12376, stack(0x00000020a1000000,0x00000020a1100000)]
  0x000001bb31231580 JavaThread "Unconstrained build operations Thread 4" [_thread_blocked, id=14268, stack(0x00000020a1100000,0x00000020a1200000)]
  0x000001bb31231f20 JavaThread "Unconstrained build operations Thread 5" [_thread_blocked, id=6380, stack(0x00000020a1200000,0x00000020a1300000)]
  0x000001bb312323f0 JavaThread "Unconstrained build operations Thread 6" [_thread_blocked, id=7028, stack(0x00000020a1300000,0x00000020a1400000)]
  0x000001bb31234a70 JavaThread "Unconstrained build operations Thread 7" [_thread_blocked, id=13348, stack(0x00000020a1400000,0x00000020a1500000)]
  0x000001bb31235db0 JavaThread "Unconstrained build operations Thread 8" [_thread_blocked, id=11172, stack(0x00000020a1500000,0x00000020a1600000)]
  0x000001bb31236280 JavaThread "Unconstrained build operations Thread 9" [_thread_blocked, id=6444, stack(0x00000020a1600000,0x00000020a1700000)]
  0x000001bb31232d90 JavaThread "Unconstrained build operations Thread 10" [_thread_blocked, id=1808, stack(0x00000020a1700000,0x00000020a1800000)]
  0x000001bb31b78c00 JavaThread "Unconstrained build operations Thread 11" [_thread_blocked, id=11076, stack(0x00000020a1800000,0x00000020a1900000)]
  0x000001bb31b7a8e0 JavaThread "Unconstrained build operations Thread 12" [_thread_blocked, id=7768, stack(0x00000020a1900000,0x00000020a1a00000)]
  0x000001bb31b7fab0 JavaThread "Unconstrained build operations Thread 13" [_thread_blocked, id=644, stack(0x00000020a1a00000,0x00000020a1b00000)]
  0x000001bb31b7a410 JavaThread "Unconstrained build operations Thread 14" [_thread_blocked, id=13668, stack(0x00000020a1b00000,0x00000020a1c00000)]
  0x000001bb31b7c0f0 JavaThread "Unconstrained build operations Thread 15" [_thread_blocked, id=7412, stack(0x00000020a1c00000,0x00000020a1d00000)]
  0x000001bb31b7c5c0 JavaThread "Unconstrained build operations Thread 16" [_thread_blocked, id=8748, stack(0x00000020a1d00000,0x00000020a1e00000)]
  0x000001bb31b7ca90 JavaThread "Unconstrained build operations Thread 17" [_thread_blocked, id=11956, stack(0x00000020a1e00000,0x00000020a1f00000)]
  0x000001bb31b7ddd0 JavaThread "Unconstrained build operations Thread 18" [_thread_blocked, id=8092, stack(0x00000020a1f00000,0x00000020a2000000)]
  0x000001bb31b7d430 JavaThread "Unconstrained build operations Thread 19" [_thread_blocked, id=7552, stack(0x00000020a2000000,0x00000020a2100000)]
  0x000001bb31b7cf60 JavaThread "Unconstrained build operations Thread 20" [_thread_blocked, id=11508, stack(0x00000020a2100000,0x00000020a2200000)]
  0x000001bb31b78260 JavaThread "Unconstrained build operations Thread 21" [_thread_blocked, id=11664, stack(0x00000020a2200000,0x00000020a2300000)]
  0x000001bb31b78730 JavaThread "Unconstrained build operations Thread 22" [_thread_blocked, id=12884, stack(0x00000020a2300000,0x00000020a2400000)]
  0x000001bb31b7d900 JavaThread "Unconstrained build operations Thread 23" [_thread_blocked, id=13692, stack(0x00000020a2400000,0x00000020a2500000)]
  0x000001bb31b7adb0 JavaThread "Unconstrained build operations Thread 24" [_thread_blocked, id=5616, stack(0x00000020a2500000,0x00000020a2600000)]
  0x000001bb31b795a0 JavaThread "Unconstrained build operations Thread 25" [_thread_blocked, id=8240, stack(0x00000020a2600000,0x00000020a2700000)]
  0x000001bb31b7f110 JavaThread "Unconstrained build operations Thread 26" [_thread_blocked, id=11828, stack(0x00000020a2700000,0x00000020a2800000)]
  0x000001bb31b7b280 JavaThread "Unconstrained build operations Thread 27" [_thread_blocked, id=6560, stack(0x00000020a2800000,0x00000020a2900000)]
  0x000001bb31b7e770 JavaThread "Unconstrained build operations Thread 28" [_thread_blocked, id=3840, stack(0x00000020a2900000,0x00000020a2a00000)]
  0x000001bb31b7b750 JavaThread "Unconstrained build operations Thread 29" [_thread_blocked, id=3368, stack(0x00000020a2a00000,0x00000020a2b00000)]
  0x000001bb31b79a70 JavaThread "Unconstrained build operations Thread 30" [_thread_blocked, id=6816, stack(0x00000020a2b00000,0x00000020a2c00000)]
  0x000001bb31b790d0 JavaThread "Unconstrained build operations Thread 31" [_thread_blocked, id=13700, stack(0x00000020a2c00000,0x00000020a2d00000)]
  0x000001bb31b79f40 JavaThread "Unconstrained build operations Thread 32" [_thread_blocked, id=9304, stack(0x00000020a2d00000,0x00000020a2e00000)]
  0x000001bb31b7f5e0 JavaThread "Unconstrained build operations Thread 33" [_thread_blocked, id=6696, stack(0x00000020a2e00000,0x00000020a2f00000)]
  0x000001bb31b7ec40 JavaThread "Unconstrained build operations Thread 34" [_thread_blocked, id=3752, stack(0x00000020a2f00000,0x00000020a3000000)]
  0x000001bb31b7bc20 JavaThread "Unconstrained build operations Thread 35" [_thread_blocked, id=9052, stack(0x00000020a3000000,0x00000020a3100000)]
  0x000001bb31b7e2a0 JavaThread "Unconstrained build operations Thread 36" [_thread_blocked, id=3888, stack(0x00000020a3100000,0x00000020a3200000)]
  0x000001bb333f1cc0 JavaThread "Unconstrained build operations Thread 37" [_thread_blocked, id=7040, stack(0x00000020a3200000,0x00000020a3300000)]
  0x000001bb333f2190 JavaThread "Unconstrained build operations Thread 38" [_thread_blocked, id=3828, stack(0x00000020a3300000,0x00000020a3400000)]
  0x000001bb333eeca0 JavaThread "Unconstrained build operations Thread 39" [_thread_blocked, id=11808, stack(0x00000020a3400000,0x00000020a3500000)]
  0x000001bb333f34d0 JavaThread "Unconstrained build operations Thread 40" [_thread_blocked, id=1920, stack(0x00000020a3500000,0x00000020a3600000)]
  0x000001bb333f04b0 JavaThread "build event listener" [_thread_blocked, id=11536, stack(0x000000209d700000,0x000000209d800000)]
  0x000001bb333f2660 JavaThread "Memory manager" [_thread_blocked, id=4204, stack(0x000000209d800000,0x000000209d900000)]
  0x000001bb333ec620 JavaThread "included builds" [_thread_blocked, id=9700, stack(0x00000020a3900000,0x00000020a3a00000)]
  0x000001bb333ecaf0 JavaThread "Execution worker" [_thread_blocked, id=6520, stack(0x00000020a3a00000,0x00000020a3b00000)]
  0x000001bb333efb10 JavaThread "Execution worker Thread 2" [_thread_blocked, id=13588, stack(0x00000020a3b00000,0x00000020a3c00000)]
  0x000001bb333ee7d0 JavaThread "Execution worker Thread 3" [_thread_blocked, id=1252, stack(0x00000020a3c00000,0x00000020a3d00000)]
  0x000001bb333ecfc0 JavaThread "Cache worker for execution history cache (C:\Users\NICOLAS\Documents\AndroidStudio\IMC\.gradle\8.0\executionHistory)" [_thread_blocked, id=7076, stack(0x00000020a3d00000,0x00000020a3e00000)]
  0x000001bb333effe0 JavaThread "WorkerExecutor Queue" [_thread_blocked, id=10720, stack(0x00000020a3e00000,0x00000020a3f00000)]
  0x000001bb333f0e50 JavaThread "WorkerExecutor Queue Thread 2" [_thread_blocked, id=12900, stack(0x00000020a3f00000,0x00000020a4000000)]
  0x000001bb333f17f0 JavaThread "WorkerExecutor Queue Thread 3" [_thread_blocked, id=9080, stack(0x00000020a4000000,0x00000020a4100000)]
  0x000001bb2f5ffd90 JavaThread "WorkerExecutor Queue Thread 4" [_thread_blocked, id=13812, stack(0x00000020a4100000,0x00000020a4200000)]

Other Threads:
=>0x000001bb2e15fd10 VMThread "VM Thread" [stack: 0x000000209e000000,0x000000209e100000] [id=3400]
  0x000001bb2e1c2820 WatcherThread [stack: 0x000000209ec00000,0x000000209ed00000] [id=2180]
  0x000001bb14c7ba10 GCTaskThread "GC Thread#0" [stack: 0x000000209db00000,0x000000209dc00000] [id=4436]
  0x000001bb2f624ef0 GCTaskThread "GC Thread#1" [stack: 0x000000209ed00000,0x000000209ee00000] [id=10752]
  0x000001bb2f625b40 GCTaskThread "GC Thread#2" [stack: 0x000000209ee00000,0x000000209ef00000] [id=3116]
  0x000001bb2ecfec70 GCTaskThread "GC Thread#3" [stack: 0x000000209ef00000,0x000000209f000000] [id=12832]
  0x000001bb14c8d1c0 ConcurrentGCThread "G1 Main Marker" [stack: 0x000000209dc00000,0x000000209dd00000] [id=11980]
  0x000001bb14c8dbd0 ConcurrentGCThread "G1 Conc#0" [stack: 0x000000209dd00000,0x000000209de00000] [id=2996]
  0x000001bb14cde890 ConcurrentGCThread "G1 Refine#0" [stack: 0x000000209de00000,0x000000209df00000] [id=8032]
  0x000001bb314d3a80 ConcurrentGCThread "G1 Refine#1" [stack: 0x00000020a0500000,0x00000020a0600000] [id=1988]
  0x000001bb35f3ea50 ConcurrentGCThread "G1 Refine#2" [stack: 0x00000020a3800000,0x00000020a3900000] [id=9816]
  0x000001bb14ce12d0 ConcurrentGCThread "G1 Service" [stack: 0x000000209df00000,0x000000209e000000] [id=12084]

Threads with active compile tasks:
C2 CompilerThread0    78628 11159 %     4       sun.nio.cs.UTF_8$Encoder::encodeArrayLoopSlow @ 0 (377 bytes)
C1 CompilerThread0    78628 11526       2       org.apache.xerces.impl.io.UTF8Reader::read (1402 bytes)

VM state: at safepoint (normal execution)

VM Mutex/Monitor currently owned by a thread:  ([mutex/lock_event])
[0x000001bb14c1bb40] Threads_lock - owner thread: 0x000001bb2e15fd10
[0x000001bb14c1bea0] Heap_lock - owner thread: 0x000001bb333effe0

Heap address: 0x0000000080000000, size: 2048 MB, Compressed Oops mode: 32-bit

CDS archive(s) not mapped
Compressed class space mapped at: 0x0000000100000000-0x0000000140000000, reserved size: 1073741824
Narrow klass base: 0x0000000000000000, Narrow klass shift: 3, Narrow klass range: 0x140000000

GC Precious Log:
 CPUs: 4 total, 4 available
 Memory: 3971M
 Large Page Support: Disabled
 NUMA Support: Disabled
 Compressed Oops: Enabled (32-bit)
 Heap Region Size: 1M
 Heap Min Capacity: 8M
 Heap Initial Capacity: 64M
 Heap Max Capacity: 2G
 Pre-touch: Disabled
 Parallel Workers: 4
 Concurrent Workers: 1
 Concurrent Refinement Workers: 4
 Periodic GC: Disabled

Heap:
 garbage-first heap   total 196608K, used 82228K [0x0000000080000000, 0x0000000100000000)
  region size 1024K, 3 young (3072K), 3 survivors (3072K)
 Metaspace       used 102529K, committed 103232K, reserved 1138688K
  class space    used 13823K, committed 14144K, reserved 1048576K

Heap Regions: E=young(eden), S=young(survivor), O=old, HS=humongous(starts), HC=humongous(continues), CS=collection set, F=free, OA=open archive, CA=closed archive, TAMS=top-at-mark-start (previous, next)
|   0|0x0000000080000000, 0x0000000080100000, 0x0000000080100000|100%| O|  |TAMS 0x0000000080100000, 0x0000000080000000| Untracked 
|   1|0x0000000080100000, 0x0000000080200000, 0x0000000080200000|100%| O|  |TAMS 0x0000000080200000, 0x0000000080100000| Untracked 
|   2|0x0000000080200000, 0x0000000080300000, 0x0000000080300000|100%|HS|  |TAMS 0x0000000080300000, 0x0000000080200000| Complete 
|   3|0x0000000080300000, 0x0000000080400000, 0x0000000080400000|100%|HC|  |TAMS 0x0000000080400000, 0x0000000080300000| Complete 
|   4|0x0000000080400000, 0x0000000080500000, 0x0000000080500000|100%|HC|  |TAMS 0x0000000080500000, 0x0000000080400000| Complete 
|   5|0x0000000080500000, 0x0000000080600000, 0x0000000080600000|100%|HC|  |TAMS 0x0000000080600000, 0x0000000080500000| Complete 
|   6|0x0000000080600000, 0x0000000080700000, 0x0000000080700000|100%| O|  |TAMS 0x0000000080700000, 0x0000000080600000| Untracked 
|   7|0x0000000080700000, 0x0000000080800000, 0x0000000080800000|100%| O|  |TAMS 0x0000000080800000, 0x0000000080700000| Untracked 
|   8|0x0000000080800000, 0x0000000080900000, 0x0000000080900000|100%| O|  |TAMS 0x0000000080900000, 0x0000000080800000| Untracked 
|   9|0x0000000080900000, 0x0000000080a00000, 0x0000000080a00000|100%| O|  |TAMS 0x0000000080a00000, 0x0000000080900000| Untracked 
|  10|0x0000000080a00000, 0x0000000080b00000, 0x0000000080b00000|100%| O|  |TAMS 0x0000000080b00000, 0x0000000080a00000| Untracked 
|  11|0x0000000080b00000, 0x0000000080c00000, 0x0000000080c00000|100%| O|  |TAMS 0x0000000080c00000, 0x0000000080b00000| Untracked 
|  12|0x0000000080c00000, 0x0000000080d00000, 0x0000000080d00000|100%| O|  |TAMS 0x0000000080d00000, 0x0000000080c00000| Untracked 
|  13|0x0000000080d00000, 0x0000000080e00000, 0x0000000080e00000|100%| O|  |TAMS 0x0000000080e00000, 0x0000000080d00000| Untracked 
|  14|0x0000000080e00000, 0x0000000080f00000, 0x0000000080f00000|100%| O|  |TAMS 0x0000000080f00000, 0x0000000080e00000| Untracked 
|  15|0x0000000080f00000, 0x0000000081000000, 0x0000000081000000|100%| O|  |TAMS 0x0000000081000000, 0x0000000080f00000| Untracked 
|  16|0x0000000081000000, 0x0000000081100000, 0x0000000081100000|100%| O|  |TAMS 0x0000000081100000, 0x0000000081000000| Untracked 
|  17|0x0000000081100000, 0x0000000081200000, 0x0000000081200000|100%| O|  |TAMS 0x0000000081200000, 0x0000000081100000| Untracked 
|  18|0x0000000081200000, 0x0000000081300000, 0x0000000081300000|100%| O|  |TAMS 0x0000000081300000, 0x0000000081200000| Untracked 
|  19|0x0000000081300000, 0x0000000081400000, 0x0000000081400000|100%| O|  |TAMS 0x0000000081400000, 0x0000000081300000| Untracked 
|  20|0x0000000081400000, 0x0000000081500000, 0x0000000081500000|100%| O|  |TAMS 0x0000000081500000, 0x0000000081400000| Untracked 
|  21|0x0000000081500000, 0x0000000081600000, 0x0000000081600000|100%| O|  |TAMS 0x0000000081600000, 0x0000000081500000| Untracked 
|  22|0x0000000081600000, 0x0000000081700000, 0x0000000081700000|100%| O|  |TAMS 0x0000000081700000, 0x0000000081600000| Untracked 
|  23|0x0000000081700000, 0x0000000081800000, 0x0000000081800000|100%| O|  |TAMS 0x0000000081800000, 0x0000000081700000| Untracked 
|  24|0x0000000081800000, 0x0000000081900000, 0x0000000081900000|100%| O|  |TAMS 0x0000000081900000, 0x0000000081800000| Untracked 
|  25|0x0000000081900000, 0x0000000081a00000, 0x0000000081a00000|100%| O|  |TAMS 0x0000000081a00000, 0x0000000081900000| Untracked 
|  26|0x0000000081a00000, 0x0000000081b00000, 0x0000000081b00000|100%| O|  |TAMS 0x0000000081b00000, 0x0000000081a00000| Untracked 
|  27|0x0000000081b00000, 0x0000000081c00000, 0x0000000081c00000|100%| O|  |TAMS 0x0000000081c00000, 0x0000000081b00000| Untracked 
|  28|0x0000000081c00000, 0x0000000081d00000, 0x0000000081d00000|100%| O|  |TAMS 0x0000000081d00000, 0x0000000081c00000| Untracked 
|  29|0x0000000081d00000, 0x0000000081e00000, 0x0000000081e00000|100%| O|  |TAMS 0x0000000081e00000, 0x0000000081d00000| Untracked 
|  30|0x0000000081e00000, 0x0000000081f00000, 0x0000000081f00000|100%| O|  |TAMS 0x0000000081f00000, 0x0000000081e00000| Untracked 
|  31|0x0000000081f00000, 0x0000000082000000, 0x0000000082000000|100%| O|  |TAMS 0x0000000082000000, 0x0000000081f00000| Untracked 
|  32|0x0000000082000000, 0x0000000082100000, 0x0000000082100000|100%| O|  |TAMS 0x0000000082100000, 0x0000000082000000| Untracked 
|  33|0x0000000082100000, 0x0000000082200000, 0x0000000082200000|100%| O|  |TAMS 0x0000000082200000, 0x0000000082100000| Untracked 
|  34|0x0000000082200000, 0x0000000082300000, 0x0000000082300000|100%| O|  |TAMS 0x0000000082300000, 0x0000000082200000| Untracked 
|  35|0x0000000082300000, 0x0000000082400000, 0x0000000082400000|100%| O|  |TAMS 0x0000000082400000, 0x0000000082300000| Untracked 
|  36|0x0000000082400000, 0x0000000082500000, 0x0000000082500000|100%| O|  |TAMS 0x0000000082500000, 0x0000000082400000| Untracked 
|  37|0x0000000082500000, 0x0000000082600000, 0x0000000082600000|100%| O|  |TAMS 0x0000000082600000, 0x0000000082500000| Untracked 
|  38|0x0000000082600000, 0x0000000082700000, 0x0000000082700000|100%|HS|  |TAMS 0x0000000082700000, 0x0000000082600000| Complete 
|  39|0x0000000082700000, 0x0000000082800000, 0x0000000082800000|100%|HS|  |TAMS 0x0000000082800000, 0x0000000082700000| Complete 
|  40|0x0000000082800000, 0x0000000082900000, 0x0000000082900000|100%|HS|  |TAMS 0x0000000082900000, 0x0000000082800000| Complete 
|  41|0x0000000082900000, 0x0000000082a00000, 0x0000000082a00000|100%| O|  |TAMS 0x0000000082a00000, 0x0000000082900000| Untracked 
|  42|0x0000000082a00000, 0x0000000082b00000, 0x0000000082b00000|100%| O|  |TAMS 0x0000000082b00000, 0x0000000082a00000| Untracked 
|  43|0x0000000082b00000, 0x0000000082c00000, 0x0000000082c00000|100%| O|  |TAMS 0x0000000082c00000, 0x0000000082b00000| Untracked 
|  44|0x0000000082c00000, 0x0000000082d00000, 0x0000000082d00000|100%| O|  |TAMS 0x0000000082c00000, 0x0000000082c00000| Untracked 
|  45|0x0000000082d00000, 0x0000000082e00000, 0x0000000082e00000|100%| O|  |TAMS 0x0000000082e00000, 0x0000000082d00000| Untracked 
|  46|0x0000000082e00000, 0x0000000082f00000, 0x0000000082f00000|100%| O|  |TAMS 0x0000000082e00000, 0x0000000082e00000| Untracked 
|  47|0x0000000082f00000, 0x0000000083000000, 0x0000000083000000|100%| O|  |TAMS 0x0000000083000000, 0x0000000082f00000| Untracked 
|  48|0x0000000083000000, 0x0000000083100000, 0x0000000083100000|100%| O|  |TAMS 0x00000000830dc400, 0x0000000083000000| Untracked 
|  49|0x0000000083100000, 0x0000000083200000, 0x0000000083200000|100%| O|  |TAMS 0x0000000083100000, 0x0000000083100000| Untracked 
|  50|0x0000000083200000, 0x0000000083300000, 0x0000000083300000|100%| O|  |TAMS 0x0000000083200000, 0x0000000083200000| Untracked 
|  51|0x0000000083300000, 0x0000000083400000, 0x0000000083400000|100%| O|  |TAMS 0x0000000083300000, 0x0000000083300000| Untracked 
|  52|0x0000000083400000, 0x0000000083500000, 0x0000000083500000|100%| O|  |TAMS 0x0000000083400000, 0x0000000083400000| Untracked 
|  53|0x0000000083500000, 0x0000000083600000, 0x0000000083600000|100%| O|  |TAMS 0x0000000083500000, 0x0000000083500000| Untracked 
|  54|0x0000000083600000, 0x0000000083700000, 0x0000000083700000|100%| O|  |TAMS 0x0000000083600000, 0x0000000083600000| Untracked 
|  55|0x0000000083700000, 0x0000000083800000, 0x0000000083800000|100%| O|  |TAMS 0x0000000083700000, 0x0000000083700000| Untracked 
|  56|0x0000000083800000, 0x0000000083900000, 0x0000000083900000|100%| O|  |TAMS 0x0000000083800000, 0x0000000083800000| Untracked 
|  57|0x0000000083900000, 0x0000000083a00000, 0x0000000083a00000|100%| O|  |TAMS 0x0000000083900000, 0x0000000083900000| Untracked 
|  58|0x0000000083a00000, 0x0000000083b00000, 0x0000000083b00000|100%| O|  |TAMS 0x0000000083a00000, 0x0000000083a00000| Untracked 
|  59|0x0000000083b00000, 0x0000000083b00000, 0x0000000083c00000|  0%| F|  |TAMS 0x0000000083b00000, 0x0000000083b00000| Untracked 
|  60|0x0000000083c00000, 0x0000000083c00000, 0x0000000083d00000|  0%| F|  |TAMS 0x0000000083c00000, 0x0000000083c00000| Untracked 
|  61|0x0000000083d00000, 0x0000000083d00000, 0x0000000083e00000|  0%| F|  |TAMS 0x0000000083d00000, 0x0000000083d00000| Untracked 
|  62|0x0000000083e00000, 0x0000000083f00000, 0x0000000083f00000|100%| O|  |TAMS 0x0000000083e00000, 0x0000000083e00000| Untracked 
|  63|0x0000000083f00000, 0x0000000084000000, 0x0000000084000000|100%| O|  |TAMS 0x0000000083f00000, 0x0000000083f00000| Untracked 
|  64|0x0000000084000000, 0x0000000084100000, 0x0000000084100000|100%| O|  |TAMS 0x0000000084000000, 0x0000000084000000| Untracked 
|  65|0x0000000084100000, 0x0000000084200000, 0x0000000084200000|100%| O|  |TAMS 0x0000000084100000, 0x0000000084100000| Untracked 
|  66|0x0000000084200000, 0x0000000084300000, 0x0000000084300000|100%| O|  |TAMS 0x0000000084200000, 0x0000000084200000| Untracked 
|  67|0x0000000084300000, 0x0000000084400000, 0x0000000084400000|100%| O|  |TAMS 0x0000000084300000, 0x0000000084300000| Untracked 
|  68|0x0000000084400000, 0x0000000084500000, 0x0000000084500000|100%| O|  |TAMS 0x0000000084400000, 0x0000000084400000| Untracked 
|  69|0x0000000084500000, 0x0000000084600000, 0x0000000084600000|100%| O|  |TAMS 0x0000000084500000, 0x0000000084500000| Untracked 
|  70|0x0000000084600000, 0x0000000084700000, 0x0000000084700000|100%| O|  |TAMS 0x0000000084600000, 0x0000000084600000| Untracked 
|  71|0x0000000084700000, 0x0000000084800000, 0x0000000084800000|100%| O|  |TAMS 0x0000000084700000, 0x0000000084700000| Untracked 
|  72|0x0000000084800000, 0x0000000084900000, 0x0000000084900000|100%| O|  |TAMS 0x0000000084800000, 0x0000000084800000| Untracked 
|  73|0x0000000084900000, 0x0000000084a00000, 0x0000000084a00000|100%| O|  |TAMS 0x0000000084900000, 0x0000000084900000| Untracked 
|  74|0x0000000084a00000, 0x0000000084b00000, 0x0000000084b00000|100%| O|  |TAMS 0x0000000084a00000, 0x0000000084a00000| Untracked 
|  75|0x0000000084b00000, 0x0000000084b00000, 0x0000000084c00000|  0%| F|  |TAMS 0x0000000084b00000, 0x0000000084b00000| Untracked 
|  76|0x0000000084c00000, 0x0000000084c00000, 0x0000000084d00000|  0%| F|  |TAMS 0x0000000084c00000, 0x0000000084c00000| Untracked 
|  77|0x0000000084d00000, 0x0000000084d00000, 0x0000000084e00000|  0%| F|  |TAMS 0x0000000084d00000, 0x0000000084d00000| Untracked 
|  78|0x0000000084e00000, 0x0000000084e00000, 0x0000000084f00000|  0%| F|  |TAMS 0x0000000084e00000, 0x0000000084e00000| Untracked 
|  79|0x0000000084f00000, 0x0000000084f00000, 0x0000000085000000|  0%| F|  |TAMS 0x0000000084f00000, 0x0000000084f00000| Untracked 
|  80|0x0000000085000000, 0x0000000085000000, 0x0000000085100000|  0%| F|  |TAMS 0x0000000085000000, 0x0000000085000000| Untracked 
|  81|0x0000000085100000, 0x0000000085100000, 0x0000000085200000|  0%| F|  |TAMS 0x0000000085100000, 0x0000000085100000| Untracked 
|  82|0x0000000085200000, 0x0000000085200000, 0x0000000085300000|  0%| F|  |TAMS 0x0000000085200000, 0x0000000085200000| Untracked 
|  83|0x0000000085300000, 0x0000000085300000, 0x0000000085400000|  0%| F|  |TAMS 0x0000000085300000, 0x0000000085300000| Untracked 
|  84|0x0000000085400000, 0x0000000085400000, 0x0000000085500000|  0%| F|  |TAMS 0x0000000085400000, 0x0000000085400000| Untracked 
|  85|0x0000000085500000, 0x0000000085500000, 0x0000000085600000|  0%| F|  |TAMS 0x0000000085500000, 0x0000000085500000| Untracked 
|  86|0x0000000085600000, 0x0000000085600000, 0x0000000085700000|  0%| F|  |TAMS 0x0000000085600000, 0x0000000085600000| Untracked 
|  87|0x0000000085700000, 0x0000000085700000, 0x0000000085800000|  0%| F|  |TAMS 0x0000000085700000, 0x0000000085700000| Untracked 
|  88|0x0000000085800000, 0x0000000085800000, 0x0000000085900000|  0%| F|  |TAMS 0x0000000085800000, 0x0000000085800000| Untracked 
|  89|0x0000000085900000, 0x0000000085900000, 0x0000000085a00000|  0%| F|  |TAMS 0x0000000085900000, 0x0000000085900000| Untracked 
|  90|0x0000000085a00000, 0x0000000085a00000, 0x0000000085b00000|  0%| F|  |TAMS 0x0000000085a00000, 0x0000000085a00000| Untracked 
|  91|0x0000000085b00000, 0x0000000085c00000, 0x0000000085c00000|100%| O|  |TAMS 0x0000000085b00000, 0x0000000085b00000| Untracked 
|  92|0x0000000085c00000, 0x0000000085d00000, 0x0000000085d00000|100%| O|  |TAMS 0x0000000085c00000, 0x0000000085c00000| Untracked 
|  93|0x0000000085d00000, 0x0000000085e00000, 0x0000000085e00000|100%| O|  |TAMS 0x0000000085d00000, 0x0000000085d00000| Untracked 
|  94|0x0000000085e00000, 0x0000000085f00000, 0x0000000085f00000|100%| O|  |TAMS 0x0000000085e00000, 0x0000000085e00000| Untracked 
|  95|0x0000000085f00000, 0x0000000086000000, 0x0000000086000000|100%| O|  |TAMS 0x0000000085f00000, 0x0000000085f00000| Untracked 
|  96|0x0000000086000000, 0x00000000860f2600, 0x0000000086100000| 94%| O|  |TAMS 0x0000000086000000, 0x0000000086000000| Untracked 
|  97|0x0000000086100000, 0x0000000086100000, 0x0000000086200000|  0%| F|  |TAMS 0x0000000086100000, 0x0000000086100000| Untracked 
|  98|0x0000000086200000, 0x0000000086200000, 0x0000000086300000|  0%| F|  |TAMS 0x0000000086200000, 0x0000000086200000| Untracked 
|  99|0x0000000086300000, 0x0000000086300000, 0x0000000086400000|  0%| F|  |TAMS 0x0000000086300000, 0x0000000086300000| Untracked 
| 100|0x0000000086400000, 0x0000000086400000, 0x0000000086500000|  0%| F|  |TAMS 0x0000000086400000, 0x0000000086400000| Untracked 
| 101|0x0000000086500000, 0x0000000086500000, 0x0000000086600000|  0%| F|  |TAMS 0x0000000086500000, 0x0000000086500000| Untracked 
| 102|0x0000000086600000, 0x0000000086600000, 0x0000000086700000|  0%| F|  |TAMS 0x0000000086600000, 0x0000000086600000| Untracked 
| 103|0x0000000086700000, 0x0000000086700000, 0x0000000086800000|  0%| F|  |TAMS 0x0000000086700000, 0x0000000086700000| Untracked 
| 104|0x0000000086800000, 0x0000000086800000, 0x0000000086900000|  0%| F|  |TAMS 0x0000000086800000, 0x0000000086800000| Untracked 
| 105|0x0000000086900000, 0x0000000086900000, 0x0000000086a00000|  0%| F|  |TAMS 0x0000000086900000, 0x0000000086900000| Untracked 
| 106|0x0000000086a00000, 0x0000000086a00000, 0x0000000086b00000|  0%| F|  |TAMS 0x0000000086a00000, 0x0000000086a00000| Untracked 
| 107|0x0000000086b00000, 0x0000000086b00000, 0x0000000086c00000|  0%| F|  |TAMS 0x0000000086b00000, 0x0000000086b00000| Untracked 
| 108|0x0000000086c00000, 0x0000000086c00000, 0x0000000086d00000|  0%| F|  |TAMS 0x0000000086c00000, 0x0000000086c00000| Untracked 
| 109|0x0000000086d00000, 0x0000000086d00000, 0x0000000086e00000|  0%| F|  |TAMS 0x0000000086d00000, 0x0000000086d00000| Untracked 
| 110|0x0000000086e00000, 0x0000000086e00000, 0x0000000086f00000|  0%| F|  |TAMS 0x0000000086e00000, 0x0000000086e00000| Untracked 
| 111|0x0000000086f00000, 0x0000000086f00000, 0x0000000087000000|  0%| F|  |TAMS 0x0000000086f00000, 0x0000000086f00000| Untracked 
| 112|0x0000000087000000, 0x0000000087000000, 0x0000000087100000|  0%| F|  |TAMS 0x0000000087000000, 0x0000000087000000| Untracked 
| 113|0x0000000087100000, 0x0000000087100000, 0x0000000087200000|  0%| F|  |TAMS 0x0000000087100000, 0x0000000087100000| Untracked 
| 114|0x0000000087200000, 0x0000000087200000, 0x0000000087300000|  0%| F|  |TAMS 0x0000000087200000, 0x0000000087200000| Untracked 
| 115|0x0000000087300000, 0x0000000087300000, 0x0000000087400000|  0%| F|  |TAMS 0x0000000087300000, 0x0000000087300000| Untracked 
| 116|0x0000000087400000, 0x0000000087400000, 0x0000000087500000|  0%| F|  |TAMS 0x0000000087400000, 0x0000000087400000| Untracked 
| 117|0x0000000087500000, 0x000000008755abd0, 0x0000000087600000| 35%| S|CS|TAMS 0x0000000087500000, 0x0000000087500000| Complete 
| 118|0x0000000087600000, 0x0000000087700000, 0x0000000087700000|100%| S|CS|TAMS 0x0000000087600000, 0x0000000087600000| Complete 
| 119|0x0000000087700000, 0x0000000087800000, 0x0000000087800000|100%| S|CS|TAMS 0x0000000087700000, 0x0000000087700000| Complete 
| 120|0x0000000087800000, 0x0000000087800000, 0x0000000087900000|  0%| F|  |TAMS 0x0000000087800000, 0x0000000087800000| Untracked 
| 121|0x0000000087900000, 0x0000000087900000, 0x0000000087a00000|  0%| F|  |TAMS 0x0000000087900000, 0x0000000087900000| Untracked 
| 122|0x0000000087a00000, 0x0000000087a00000, 0x0000000087b00000|  0%| F|  |TAMS 0x0000000087a00000, 0x0000000087a00000| Untracked 
| 123|0x0000000087b00000, 0x0000000087b00000, 0x0000000087c00000|  0%| F|  |TAMS 0x0000000087b00000, 0x0000000087b00000| Untracked 
| 124|0x0000000087c00000, 0x0000000087c00000, 0x0000000087d00000|  0%| F|  |TAMS 0x0000000087c00000, 0x0000000087c00000| Untracked 
| 125|0x0000000087d00000, 0x0000000087d00000, 0x0000000087e00000|  0%| F|  |TAMS 0x0000000087d00000, 0x0000000087d00000| Untracked 
| 126|0x0000000087e00000, 0x0000000087e00000, 0x0000000087f00000|  0%| F|  |TAMS 0x0000000087e00000, 0x0000000087e00000| Untracked 
| 127|0x0000000087f00000, 0x0000000087f00000, 0x0000000088000000|  0%| F|  |TAMS 0x0000000087f00000, 0x0000000087f00000| Untracked 
| 128|0x0000000088000000, 0x0000000088000000, 0x0000000088100000|  0%| F|  |TAMS 0x0000000088000000, 0x0000000088000000| Untracked 
| 129|0x0000000088100000, 0x0000000088100000, 0x0000000088200000|  0%| F|  |TAMS 0x0000000088100000, 0x0000000088100000| Untracked 
| 130|0x0000000088200000, 0x0000000088200000, 0x0000000088300000|  0%| F|  |TAMS 0x0000000088200000, 0x0000000088200000| Untracked 
| 131|0x0000000088300000, 0x0000000088300000, 0x0000000088400000|  0%| F|  |TAMS 0x0000000088300000, 0x0000000088300000| Untracked 
| 132|0x0000000088400000, 0x0000000088400000, 0x0000000088500000|  0%| F|  |TAMS 0x0000000088400000, 0x0000000088400000| Untracked 
| 133|0x0000000088500000, 0x0000000088500000, 0x0000000088600000|  0%| F|  |TAMS 0x0000000088500000, 0x0000000088500000| Untracked 
| 134|0x0000000088600000, 0x0000000088600000, 0x0000000088700000|  0%| F|  |TAMS 0x0000000088600000, 0x0000000088600000| Untracked 
| 135|0x0000000088700000, 0x0000000088700000, 0x0000000088800000|  0%| F|  |TAMS 0x0000000088700000, 0x0000000088700000| Untracked 
| 136|0x0000000088800000, 0x0000000088800000, 0x0000000088900000|  0%| F|  |TAMS 0x0000000088800000, 0x0000000088800000| Untracked 
| 137|0x0000000088900000, 0x0000000088900000, 0x0000000088a00000|  0%| F|  |TAMS 0x0000000088900000, 0x0000000088900000| Untracked 
| 138|0x0000000088a00000, 0x0000000088a00000, 0x0000000088b00000|  0%| F|  |TAMS 0x0000000088a00000, 0x0000000088a00000| Untracked 
| 139|0x0000000088b00000, 0x0000000088b00000, 0x0000000088c00000|  0%| F|  |TAMS 0x0000000088b00000, 0x0000000088b00000| Untracked 
| 140|0x0000000088c00000, 0x0000000088c00000, 0x0000000088d00000|  0%| F|  |TAMS 0x0000000088c00000, 0x0000000088c00000| Untracked 
| 141|0x0000000088d00000, 0x0000000088d00000, 0x0000000088e00000|  0%| F|  |TAMS 0x0000000088d00000, 0x0000000088d00000| Untracked 
| 142|0x0000000088e00000, 0x0000000088e00000, 0x0000000088f00000|  0%| F|  |TAMS 0x0000000088e00000, 0x0000000088e00000| Untracked 
| 143|0x0000000088f00000, 0x0000000088f00000, 0x0000000089000000|  0%| F|  |TAMS 0x0000000088f00000, 0x0000000088f00000| Untracked 
| 144|0x0000000089000000, 0x0000000089000000, 0x0000000089100000|  0%| F|  |TAMS 0x0000000089000000, 0x0000000089000000| Untracked 
| 145|0x0000000089100000, 0x0000000089100000, 0x0000000089200000|  0%| F|  |TAMS 0x0000000089100000, 0x0000000089100000| Untracked 
| 146|0x0000000089200000, 0x0000000089200000, 0x0000000089300000|  0%| F|  |TAMS 0x0000000089200000, 0x0000000089200000| Untracked 
| 147|0x0000000089300000, 0x0000000089300000, 0x0000000089400000|  0%| F|  |TAMS 0x0000000089300000, 0x0000000089300000| Untracked 
| 148|0x0000000089400000, 0x0000000089400000, 0x0000000089500000|  0%| F|  |TAMS 0x0000000089400000, 0x0000000089400000| Untracked 
| 149|0x0000000089500000, 0x0000000089500000, 0x0000000089600000|  0%| F|  |TAMS 0x0000000089500000, 0x0000000089500000| Untracked 
| 150|0x0000000089600000, 0x0000000089600000, 0x0000000089700000|  0%| F|  |TAMS 0x0000000089600000, 0x0000000089600000| Untracked 
| 151|0x0000000089700000, 0x0000000089700000, 0x0000000089800000|  0%| F|  |TAMS 0x0000000089700000, 0x0000000089700000| Untracked 
| 152|0x0000000089800000, 0x0000000089800000, 0x0000000089900000|  0%| F|  |TAMS 0x0000000089800000, 0x0000000089800000| Untracked 
| 153|0x0000000089900000, 0x0000000089900000, 0x0000000089a00000|  0%| F|  |TAMS 0x0000000089900000, 0x0000000089900000| Untracked 
| 154|0x0000000089a00000, 0x0000000089a00000, 0x0000000089b00000|  0%| F|  |TAMS 0x0000000089a00000, 0x0000000089a00000| Untracked 
| 155|0x0000000089b00000, 0x0000000089b00000, 0x0000000089c00000|  0%| F|  |TAMS 0x0000000089b00000, 0x0000000089b00000| Untracked 
| 156|0x0000000089c00000, 0x0000000089c00000, 0x0000000089d00000|  0%| F|  |TAMS 0x0000000089c00000, 0x0000000089c00000| Untracked 
| 157|0x0000000089d00000, 0x0000000089d00000, 0x0000000089e00000|  0%| F|  |TAMS 0x0000000089d00000, 0x0000000089d00000| Untracked 
| 158|0x0000000089e00000, 0x0000000089e00000, 0x0000000089f00000|  0%| F|  |TAMS 0x0000000089e00000, 0x0000000089e00000| Untracked 
| 159|0x0000000089f00000, 0x0000000089f00000, 0x000000008a000000|  0%| F|  |TAMS 0x0000000089f00000, 0x0000000089f00000| Untracked 
| 160|0x000000008a000000, 0x000000008a000000, 0x000000008a100000|  0%| F|  |TAMS 0x000000008a000000, 0x000000008a000000| Untracked 
| 161|0x000000008a100000, 0x000000008a100000, 0x000000008a200000|  0%| F|  |TAMS 0x000000008a100000, 0x000000008a100000| Untracked 
| 162|0x000000008a200000, 0x000000008a200000, 0x000000008a300000|  0%| F|  |TAMS 0x000000008a200000, 0x000000008a200000| Untracked 
| 163|0x000000008a300000, 0x000000008a300000, 0x000000008a400000|  0%| F|  |TAMS 0x000000008a300000, 0x000000008a300000| Untracked 
| 164|0x000000008a400000, 0x000000008a400000, 0x000000008a500000|  0%| F|  |TAMS 0x000000008a400000, 0x000000008a400000| Untracked 
| 165|0x000000008a500000, 0x000000008a500000, 0x000000008a600000|  0%| F|  |TAMS 0x000000008a500000, 0x000000008a500000| Untracked 
| 166|0x000000008a600000, 0x000000008a600000, 0x000000008a700000|  0%| F|  |TAMS 0x000000008a600000, 0x000000008a600000| Untracked 
| 167|0x000000008a700000, 0x000000008a700000, 0x000000008a800000|  0%| F|  |TAMS 0x000000008a700000, 0x000000008a700000| Untracked 
| 168|0x000000008a800000, 0x000000008a800000, 0x000000008a900000|  0%| F|  |TAMS 0x000000008a800000, 0x000000008a800000| Untracked 
| 169|0x000000008a900000, 0x000000008a900000, 0x000000008aa00000|  0%| F|  |TAMS 0x000000008a900000, 0x000000008a900000| Untracked 
| 170|0x000000008aa00000, 0x000000008aa00000, 0x000000008ab00000|  0%| F|  |TAMS 0x000000008aa00000, 0x000000008aa00000| Untracked 
| 171|0x000000008ab00000, 0x000000008ab00000, 0x000000008ac00000|  0%| F|  |TAMS 0x000000008ab00000, 0x000000008ab00000| Untracked 
| 172|0x000000008ac00000, 0x000000008ac00000, 0x000000008ad00000|  0%| F|  |TAMS 0x000000008ac00000, 0x000000008ac00000| Untracked 
| 173|0x000000008ad00000, 0x000000008ad00000, 0x000000008ae00000|  0%| F|  |TAMS 0x000000008ad00000, 0x000000008ad00000| Untracked 
| 174|0x000000008ae00000, 0x000000008ae00000, 0x000000008af00000|  0%| F|  |TAMS 0x000000008ae00000, 0x000000008ae00000| Untracked 
| 175|0x000000008af00000, 0x000000008af00000, 0x000000008b000000|  0%| F|  |TAMS 0x000000008af00000, 0x000000008af00000| Untracked 
| 176|0x000000008b000000, 0x000000008b000000, 0x000000008b100000|  0%| F|  |TAMS 0x000000008b000000, 0x000000008b000000| Untracked 
| 177|0x000000008b100000, 0x000000008b100000, 0x000000008b200000|  0%| F|  |TAMS 0x000000008b100000, 0x000000008b100000| Untracked 
| 178|0x000000008b200000, 0x000000008b200000, 0x000000008b300000|  0%| F|  |TAMS 0x000000008b200000, 0x000000008b200000| Untracked 
| 179|0x000000008b300000, 0x000000008b300000, 0x000000008b400000|  0%| F|  |TAMS 0x000000008b300000, 0x000000008b300000| Untracked 
| 180|0x000000008b400000, 0x000000008b400000, 0x000000008b500000|  0%| F|  |TAMS 0x000000008b400000, 0x000000008b400000| Untracked 
| 181|0x000000008b500000, 0x000000008b500000, 0x000000008b600000|  0%| F|  |TAMS 0x000000008b500000, 0x000000008b500000| Untracked 
| 182|0x000000008b600000, 0x000000008b600000, 0x000000008b700000|  0%| F|  |TAMS 0x000000008b600000, 0x000000008b600000| Untracked 
| 183|0x000000008b700000, 0x000000008b700000, 0x000000008b800000|  0%| F|  |TAMS 0x000000008b700000, 0x000000008b700000| Untracked 
| 184|0x000000008b800000, 0x000000008b800000, 0x000000008b900000|  0%| F|  |TAMS 0x000000008b800000, 0x000000008b800000| Untracked 
| 185|0x000000008b900000, 0x000000008b900000, 0x000000008ba00000|  0%| F|  |TAMS 0x000000008b900000, 0x000000008b900000| Untracked 
| 186|0x000000008ba00000, 0x000000008ba00000, 0x000000008bb00000|  0%| F|  |TAMS 0x000000008ba00000, 0x000000008ba00000| Untracked 
| 187|0x000000008bb00000, 0x000000008bb00000, 0x000000008bc00000|  0%| F|  |TAMS 0x000000008bb00000, 0x000000008bb00000| Untracked 
| 188|0x000000008bc00000, 0x000000008bc00000, 0x000000008bd00000|  0%| F|  |TAMS 0x000000008bc00000, 0x000000008bc00000| Untracked 
| 189|0x000000008bd00000, 0x000000008bd00000, 0x000000008be00000|  0%| F|  |TAMS 0x000000008bd00000, 0x000000008bd00000| Untracked 
| 190|0x000000008be00000, 0x000000008be00000, 0x000000008bf00000|  0%| F|  |TAMS 0x000000008be00000, 0x000000008be00000| Untracked 
| 191|0x000000008bf00000, 0x000000008bf00000, 0x000000008c000000|  0%| F|  |TAMS 0x000000008bf00000, 0x000000008bf00000| Untracked 

Card table byte_map: [0x000001bb274f0000,0x000001bb278f0000] _byte_map_base: 0x000001bb270f0000

Marking Bits (Prev, Next): (CMBitMap*) 0x000001bb14c7c060, (CMBitMap*) 0x000001bb14c7c020
 Prev Bits: [0x000001bb29cf0000, 0x000001bb2bcf0000)
 Next Bits: [0x000001bb27cf0000, 0x000001bb29cf0000)

Polling page: 0x000001bb12b50000

Metaspace:

Usage:
  Non-class:     86.63 MB used.
      Class:     13.50 MB used.
       Both:    100.13 MB used.

Virtual space:
  Non-class space:       88.00 MB reserved,      87.00 MB ( 99%) committed,  11 nodes.
      Class space:        1.00 GB reserved,      13.81 MB (  1%) committed,  1 nodes.
             Both:        1.09 GB reserved,     100.81 MB (  9%) committed. 

Chunk freelists:
   Non-Class:  864.00 KB
       Class:  2.00 MB
        Both:  2.84 MB

MaxMetaspaceSize: unlimited
CompressedClassSpaceSize: 1.00 GB
Initial GC threshold: 21.00 MB
Current GC threshold: 113.88 MB
CDS: off
MetaspaceReclaimPolicy: balanced
 - commit_granule_bytes: 65536.
 - commit_granule_words: 8192.
 - virtual_space_node_default_size: 1048576.
 - enlarge_chunks_in_place: 1.
 - new_chunks_are_fully_committed: 0.
 - uncommit_free_chunks: 1.
 - use_allocation_guard: 0.
 - handle_deallocations: 1.


Internal statistics:

num_allocs_failed_limit: 9.
num_arena_births: 1044.
num_arena_deaths: 0.
num_vsnodes_births: 12.
num_vsnodes_deaths: 0.
num_space_committed: 1612.
num_space_uncommitted: 0.
num_chunks_returned_to_freelist: 9.
num_chunks_taken_from_freelist: 4652.
num_chunk_merges: 6.
num_chunk_splits: 3109.
num_chunks_enlarged: 2151.
num_purges: 0.
num_inconsistent_stats: 0.

CodeHeap 'non-profiled nmethods': size=120000Kb used=4762Kb max_used=4762Kb free=115237Kb
 bounds [0x000001bb1fbc0000, 0x000001bb20070000, 0x000001bb270f0000]
CodeHeap 'profiled nmethods': size=120000Kb used=19893Kb max_used=19893Kb free=100106Kb
 bounds [0x000001bb180f0000, 0x000001bb19460000, 0x000001bb1f620000]
CodeHeap 'non-nmethods': size=5760Kb used=2429Kb max_used=2499Kb free=3330Kb
 bounds [0x000001bb1f620000, 0x000001bb1f8b0000, 0x000001bb1fbc0000]
 total_blobs=11381 nmethods=10408 adapters=885
 compilation: enabled
              stopped_count=0, restarted_count=0
 full_count=0

Compilation events (20 events):
Event: 78.468 Thread 0x000001bb2ec0f3c0 nmethod 11516 0x000001bb19458f10 code [0x000001bb194590a0, 0x000001bb194591b8]
Event: 78.468 Thread 0x000001bb2ec0f3c0 11513       2       sun.nio.ch.FileChannelImpl::<init> (144 bytes)
Event: 78.469 Thread 0x000001bb2ec0f3c0 nmethod 11513 0x000001bb19459290 code [0x000001bb19459480, 0x000001bb19459c78]
Event: 78.470 Thread 0x000001bb2ec0f3c0 11517       2       org.gradle.api.internal.artifacts.transform.TransformingAsyncArtifactListener$TransformedArtifact::startFinalization (15 bytes)
Event: 78.470 Thread 0x000001bb2ec0f3c0 nmethod 11517 0x000001bb19459e90 code [0x000001bb1945a040, 0x000001bb1945a1d8]
Event: 78.470 Thread 0x000001bb2ec0f3c0 11518       2       com.android.utils.SdkUtils::endsWithIgnoreCase (21 bytes)
Event: 78.471 Thread 0x000001bb2ec0f3c0 nmethod 11518 0x000001bb1945a310 code [0x000001bb1945a4c0, 0x000001bb1945a628]
Event: 78.472 Thread 0x000001bb2ec0f3c0 11519       2       org.apache.xerces.util.URI::isPathCharacter (24 bytes)
Event: 78.473 Thread 0x000001bb2ec0f3c0 nmethod 11519 0x000001bb1945a790 code [0x000001bb1945a920, 0x000001bb1945aa58]
Event: 78.474 Thread 0x000001bb2ec0f3c0 11520       2       org.apache.xerces.impl.XMLEntityScanner::scanName (290 bytes)
Event: 78.475 Thread 0x000001bb2ec0f3c0 nmethod 11520 0x000001bb1945ab10 code [0x000001bb1945ad20, 0x000001bb1945b2c8]
Event: 78.475 Thread 0x000001bb2ec0f3c0 11521 %     3       org.apache.xerces.impl.XMLEntityScanner::skipString @ 34 (207 bytes)
Event: 78.479 Thread 0x000001bb2ec0f3c0 nmethod 11521% 0x000001bb1945b690 code [0x000001bb1945b900, 0x000001bb1945c5c8]
Event: 78.479 Thread 0x000001bb2ec0f3c0 11523       2       org.gradle.api.internal.artifacts.ivyservice.resolveengine.artifact.EndCollection::startFinalization (1 bytes)
Event: 78.479 Thread 0x000001bb2ec0f3c0 nmethod 11523 0x000001bb1945cb90 code [0x000001bb1945cd20, 0x000001bb1945ce18]
Event: 78.479 Thread 0x000001bb2ec0f3c0 11524       2       javax.lang.model.SourceVersion::latest (4 bytes)
Event: 78.479 Thread 0x000001bb2ec0f3c0 nmethod 11524 0x000001bb1945ce90 code [0x000001bb1945d020, 0x000001bb1945d118]
Event: 78.480 Thread 0x000001bb2ec0f3c0 11525       2       org.gradle.api.internal.artifacts.transform.TransformationResult$Builder$ProducedOutputOnlyTransformationResult::resolveOutputsForInputArtifact (5 bytes)
Event: 78.480 Thread 0x000001bb2ec0f3c0 nmethod 11525 0x000001bb1945d190 code [0x000001bb1945d320, 0x000001bb1945d438]
Event: 78.480 Thread 0x000001bb2ec0f3c0 11526       2       org.apache.xerces.impl.io.UTF8Reader::read (1402 bytes)

GC Heap History (20 events):
Event: 61.053 GC heap after
{Heap after GC invocations=25 (full 0):
 garbage-first heap   total 78848K, used 48377K [0x0000000080000000, 0x0000000100000000)
  region size 1024K, 1 young (1024K), 1 survivors (1024K)
 Metaspace       used 62015K, committed 62528K, reserved 1105920K
  class space    used 8229K, committed 8448K, reserved 1048576K
}
Event: 61.767 GC heap before
{Heap before GC invocations=25 (full 0):
 garbage-first heap   total 78848K, used 62713K [0x0000000080000000, 0x0000000100000000)
  region size 1024K, 16 young (16384K), 1 survivors (1024K)
 Metaspace       used 64269K, committed 64832K, reserved 1105920K
  class space    used 8508K, committed 8768K, reserved 1048576K
}
Event: 61.776 GC heap after
{Heap after GC invocations=26 (full 0):
 garbage-first heap   total 78848K, used 48833K [0x0000000080000000, 0x0000000100000000)
  region size 1024K, 1 young (1024K), 1 survivors (1024K)
 Metaspace       used 64269K, committed 64832K, reserved 1105920K
  class space    used 8508K, committed 8768K, reserved 1048576K
}
Event: 62.419 GC heap before
{Heap before GC invocations=27 (full 0):
 garbage-first heap   total 92160K, used 64193K [0x0000000080000000, 0x0000000100000000)
  region size 1024K, 16 young (16384K), 1 survivors (1024K)
 Metaspace       used 66618K, committed 67136K, reserved 1114112K
  class space    used 8807K, committed 9088K, reserved 1048576K
}
Event: 62.424 GC heap after
{Heap after GC invocations=28 (full 0):
 garbage-first heap   total 92160K, used 49346K [0x0000000080000000, 0x0000000100000000)
  region size 1024K, 2 young (2048K), 2 survivors (2048K)
 Metaspace       used 66618K, committed 67136K, reserved 1114112K
  class space    used 8807K, committed 9088K, reserved 1048576K
}
Event: 62.497 GC heap before
{Heap before GC invocations=28 (full 0):
 garbage-first heap   total 92160K, used 51394K [0x0000000080000000, 0x0000000100000000)
  region size 1024K, 4 young (4096K), 2 survivors (2048K)
 Metaspace       used 66797K, committed 67328K, reserved 1114112K
  class space    used 8839K, committed 9088K, reserved 1048576K
}
Event: 62.509 GC heap after
{Heap after GC invocations=29 (full 0):
 garbage-first heap   total 92160K, used 49316K [0x0000000080000000, 0x0000000100000000)
  region size 1024K, 1 young (1024K), 1 survivors (1024K)
 Metaspace       used 66797K, committed 67328K, reserved 1114112K
  class space    used 8839K, committed 9088K, reserved 1048576K
}
Event: 63.143 GC heap before
{Heap before GC invocations=29 (full 0):
 garbage-first heap   total 92160K, used 80036K [0x0000000080000000, 0x0000000100000000)
  region size 1024K, 25 young (25600K), 1 survivors (1024K)
 Metaspace       used 69343K, committed 69888K, reserved 1114112K
  class space    used 9190K, committed 9472K, reserved 1048576K
}
Event: 63.171 GC heap after
{Heap after GC invocations=30 (full 0):
 garbage-first heap   total 196608K, used 57486K [0x0000000080000000, 0x0000000100000000)
  region size 1024K, 4 young (4096K), 4 survivors (4096K)
 Metaspace       used 69343K, committed 69888K, reserved 1114112K
  class space    used 9190K, committed 9472K, reserved 1048576K
}
Event: 66.703 GC heap before
{Heap before GC invocations=31 (full 0):
 garbage-first heap   total 196608K, used 140430K [0x0000000080000000, 0x0000000100000000)
  region size 1024K, 85 young (87040K), 4 survivors (4096K)
 Metaspace       used 77768K, committed 78400K, reserved 1122304K
  class space    used 10304K, committed 10624K, reserved 1048576K
}
Event: 66.757 GC heap after
{Heap after GC invocations=32 (full 0):
 garbage-first heap   total 196608K, used 57794K [0x0000000080000000, 0x0000000100000000)
  region size 1024K, 9 young (9216K), 9 survivors (9216K)
 Metaspace       used 77768K, committed 78400K, reserved 1122304K
  class space    used 10304K, committed 10624K, reserved 1048576K
}
Event: 66.815 GC heap before
{Heap before GC invocations=32 (full 0):
 garbage-first heap   total 196608K, used 58818K [0x0000000080000000, 0x0000000100000000)
  region size 1024K, 10 young (10240K), 9 survivors (9216K)
 Metaspace       used 77928K, committed 78528K, reserved 1122304K
  class space    used 10319K, committed 10624K, reserved 1048576K
}
Event: 66.868 GC heap after
{Heap after GC invocations=33 (full 0):
 garbage-first heap   total 196608K, used 58818K [0x0000000080000000, 0x0000000100000000)
  region size 1024K, 2 young (2048K), 2 survivors (2048K)
 Metaspace       used 77928K, committed 78528K, reserved 1122304K
  class space    used 10319K, committed 10624K, reserved 1048576K
}
Event: 70.448 GC heap before
{Heap before GC invocations=33 (full 0):
 garbage-first heap   total 196608K, used 145858K [0x0000000080000000, 0x0000000100000000)
  region size 1024K, 86 young (88064K), 2 survivors (2048K)
 Metaspace       used 87343K, committed 88000K, reserved 1130496K
  class space    used 11841K, committed 12160K, reserved 1048576K
}
Event: 70.474 GC heap after
{Heap after GC invocations=34 (full 0):
 garbage-first heap   total 196608K, used 62743K [0x0000000080000000, 0x0000000100000000)
  region size 1024K, 6 young (6144K), 6 survivors (6144K)
 Metaspace       used 87343K, committed 88000K, reserved 1130496K
  class space    used 11841K, committed 12160K, reserved 1048576K
}
Event: 72.312 GC heap before
{Heap before GC invocations=34 (full 0):
 garbage-first heap   total 196608K, used 150807K [0x0000000080000000, 0x0000000100000000)
  region size 1024K, 92 young (94208K), 6 survivors (6144K)
 Metaspace       used 93471K, committed 94144K, reserved 1130496K
  class space    used 12710K, committed 13056K, reserved 1048576K
}
Event: 72.364 GC heap after
{Heap after GC invocations=35 (full 0):
 garbage-first heap   total 196608K, used 72665K [0x0000000080000000, 0x0000000100000000)
  region size 1024K, 12 young (12288K), 12 survivors (12288K)
 Metaspace       used 93471K, committed 94144K, reserved 1130496K
  class space    used 12710K, committed 13056K, reserved 1048576K
}
Event: 75.846 GC heap before
{Heap before GC invocations=35 (full 0):
 garbage-first heap   total 196608K, used 155609K [0x0000000080000000, 0x0000000100000000)
  region size 1024K, 91 young (93184K), 12 survivors (12288K)
 Metaspace       used 97921K, committed 98560K, reserved 1138688K
  class space    used 13316K, committed 13632K, reserved 1048576K
}
Event: 75.898 GC heap after
{Heap after GC invocations=36 (full 0):
 garbage-first heap   total 196608K, used 82039K [0x0000000080000000, 0x0000000100000000)
  region size 1024K, 7 young (7168K), 7 survivors (7168K)
 Metaspace       used 97921K, committed 98560K, reserved 1138688K
  class space    used 13316K, committed 13632K, reserved 1048576K
}
Event: 78.481 GC heap before
{Heap before GC invocations=36 (full 0):
 garbage-first heap   total 196608K, used 172151K [0x0000000080000000, 0x0000000100000000)
  region size 1024K, 79 young (80896K), 7 survivors (7168K)
 Metaspace       used 102529K, committed 103232K, reserved 1138688K
  class space    used 13823K, committed 14144K, reserved 1048576K
}

Dll operation events (2 events):
Event: 0.033 Loaded shared library C:\Program Files\Android\Android Studio\jbr\bin\java.dll
Event: 10.458 Loaded shared library C:\Program Files\Android\Android Studio\jbr\bin\verify.dll

Deoptimization events (20 events):
Event: 78.463 Thread 0x000001bb333effe0 Uncommon trap: trap_request=0xffffffc6 fr.pc=0x000001bb2004bdec relative=0x00000000000003ac
Event: 78.463 Thread 0x000001bb333effe0 Uncommon trap: reason=bimorphic_or_optimized_type_check action=maybe_recompile pc=0x000001bb2004bdec method=org.apache.xerces.dom.ElementImpl.getAttributes()Lorg/w3c/dom/NamedNodeMap; @ 8 c2
Event: 78.463 Thread 0x000001bb333effe0 DEOPT PACKING pc=0x000001bb2004bdec sp=0x00000020a3efdc60
Event: 78.463 Thread 0x000001bb333effe0 DEOPT UNPACKING pc=0x000001bb1f6769a3 sp=0x00000020a3efdc40 mode 2
Event: 78.463 Thread 0x000001bb333effe0 Uncommon trap: trap_request=0xffffffc6 fr.pc=0x000001bb2004bdec relative=0x00000000000003ac
Event: 78.463 Thread 0x000001bb333effe0 Uncommon trap: reason=bimorphic_or_optimized_type_check action=maybe_recompile pc=0x000001bb2004bdec method=org.apache.xerces.dom.ElementImpl.getAttributes()Lorg/w3c/dom/NamedNodeMap; @ 8 c2
Event: 78.463 Thread 0x000001bb333effe0 DEOPT PACKING pc=0x000001bb2004bdec sp=0x00000020a3efdc60
Event: 78.463 Thread 0x000001bb333effe0 DEOPT UNPACKING pc=0x000001bb1f6769a3 sp=0x00000020a3efdc40 mode 2
Event: 78.463 Thread 0x000001bb333effe0 Uncommon trap: trap_request=0xffffffc6 fr.pc=0x000001bb2004bdec relative=0x00000000000003ac
Event: 78.463 Thread 0x000001bb333effe0 Uncommon trap: reason=bimorphic_or_optimized_type_check action=maybe_recompile pc=0x000001bb2004bdec method=org.apache.xerces.dom.ElementImpl.getAttributes()Lorg/w3c/dom/NamedNodeMap; @ 8 c2
Event: 78.463 Thread 0x000001bb333effe0 DEOPT PACKING pc=0x000001bb2004bdec sp=0x00000020a3efdc60
Event: 78.463 Thread 0x000001bb333effe0 DEOPT UNPACKING pc=0x000001bb1f6769a3 sp=0x00000020a3efdc40 mode 2
Event: 78.466 Thread 0x000001bb333effe0 Uncommon trap: trap_request=0xffffff45 fr.pc=0x000001bb2000a094 relative=0x00000000000002d4
Event: 78.466 Thread 0x000001bb333effe0 Uncommon trap: reason=unstable_if action=reinterpret pc=0x000001bb2000a094 method=org.apache.xerces.impl.XMLEntityScanner.skipString(Ljava/lang/String;)Z @ 65 c2
Event: 78.466 Thread 0x000001bb333effe0 DEOPT PACKING pc=0x000001bb2000a094 sp=0x00000020a3efda90
Event: 78.466 Thread 0x000001bb333effe0 DEOPT UNPACKING pc=0x000001bb1f6769a3 sp=0x00000020a3efda60 mode 2
Event: 78.467 Thread 0x000001bb333effe0 Uncommon trap: trap_request=0xffffff45 fr.pc=0x000001bb1fc02b80 relative=0x0000000000000160
Event: 78.467 Thread 0x000001bb333effe0 Uncommon trap: reason=unstable_if action=reinterpret pc=0x000001bb1fc02b80 method=java.io.BufferedInputStream.read1([BII)I @ 60 c2
Event: 78.467 Thread 0x000001bb333effe0 DEOPT PACKING pc=0x000001bb1fc02b80 sp=0x00000020a3efd730
Event: 78.467 Thread 0x000001bb333effe0 DEOPT UNPACKING pc=0x000001bb1f6769a3 sp=0x00000020a3efd6f0 mode 2

Classes unloaded (0 events):
No events

Classes redefined (0 events):
No events

Internal exceptions (20 events):
Event: 77.306 Thread 0x000001bb333ee7d0 Exception <a 'sun/nio/fs/WindowsException'{0x0000000089c7b900}> (0x0000000089c7b900) 
thrown [s\src\hotspot\share\prims\jni.cpp, line 517]
Event: 77.308 Thread 0x000001bb333ee7d0 Exception <a 'sun/nio/fs/WindowsException'{0x0000000089c7d5b0}> (0x0000000089c7d5b0) 
thrown [s\src\hotspot\share\prims\jni.cpp, line 517]
Event: 77.308 Thread 0x000001bb333ee7d0 Exception <a 'sun/nio/fs/WindowsException'{0x0000000089c7d9e0}> (0x0000000089c7d9e0) 
thrown [s\src\hotspot\share\prims\jni.cpp, line 517]
Event: 77.389 Thread 0x000001bb333ee7d0 Implicit null exception at 0x000001bb2000e360 to 0x000001bb2000e424
Event: 77.453 Thread 0x000001bb333ee7d0 Implicit null exception at 0x000001bb2004a640 to 0x000001bb2004a868
Event: 77.812 Thread 0x000001bb333ee7d0 Exception <a 'java/lang/NoSuchMethodError'{0x0000000088f30398}: static Lcom/android/ide/common/resources/CompileResourceRequest;.<clinit>()V> (0x0000000088f30398) 
thrown [s\src\hotspot\share\prims\jni.cpp, line 1108]
Event: 77.828 Thread 0x000001bb333ee7d0 Exception <a 'java/lang/NoSuchMethodError'{0x0000000088fd3748}: static Lkotlin/InitializedLazyImpl;.<clinit>()V> (0x0000000088fd3748) 
thrown [s\src\hotspot\share\prims\jni.cpp, line 1108]
Event: 77.942 Thread 0x000001bb333ec620 Implicit null exception at 0x000001bb20013fa0 to 0x000001bb20015bb5
Event: 77.945 Thread 0x000001bb333ec620 Implicit null exception at 0x000001bb20025400 to 0x000001bb20025d58
Event: 77.965 Thread 0x000001bb333ec620 Exception <a 'sun/nio/fs/WindowsException'{0x0000000088b7d450}> (0x0000000088b7d450) 
thrown [s\src\hotspot\share\prims\jni.cpp, line 517]
Event: 77.965 Thread 0x000001bb333ec620 Exception <a 'sun/nio/fs/WindowsException'{0x0000000088b7d8c0}> (0x0000000088b7d8c0) 
thrown [s\src\hotspot\share\prims\jni.cpp, line 517]
Event: 77.969 Thread 0x000001bb333ec620 Exception <a 'sun/nio/fs/WindowsException'{0x0000000088b7fac0}> (0x0000000088b7fac0) 
thrown [s\src\hotspot\share\prims\jni.cpp, line 517]
Event: 77.969 Thread 0x000001bb333ec620 Exception <a 'sun/nio/fs/WindowsException'{0x0000000088b7fee0}> (0x0000000088b7fee0) 
thrown [s\src\hotspot\share\prims\jni.cpp, line 517]
Event: 77.971 Thread 0x000001bb333ec620 Exception <a 'sun/nio/fs/WindowsException'{0x0000000088b833a0}> (0x0000000088b833a0) 
thrown [s\src\hotspot\share\prims\jni.cpp, line 517]
Event: 77.971 Thread 0x000001bb333ec620 Exception <a 'sun/nio/fs/WindowsException'{0x0000000088b83878}> (0x0000000088b83878) 
thrown [s\src\hotspot\share\prims\jni.cpp, line 517]
Event: 77.973 Thread 0x000001bb333ec620 Exception <a 'sun/nio/fs/WindowsException'{0x0000000088b85a88}> (0x0000000088b85a88) 
thrown [s\src\hotspot\share\prims\jni.cpp, line 517]
Event: 77.973 Thread 0x000001bb333ec620 Exception <a 'sun/nio/fs/WindowsException'{0x0000000088b85ee8}> (0x0000000088b85ee8) 
thrown [s\src\hotspot\share\prims\jni.cpp, line 517]
Event: 77.978 Thread 0x000001bb333ec620 Exception <a 'sun/nio/fs/WindowsException'{0x0000000088b894c0}> (0x0000000088b894c0) 
thrown [s\src\hotspot\share\prims\jni.cpp, line 517]
Event: 77.985 Thread 0x000001bb333ec620 Exception <a 'sun/nio/fs/WindowsException'{0x0000000088b8a778}> (0x0000000088b8a778) 
thrown [s\src\hotspot\share\prims\jni.cpp, line 517]
Event: 78.046 Thread 0x000001bb333ec620 Exception <a 'sun/nio/fs/WindowsException'{0x0000000088b8cc20}> (0x0000000088b8cc20) 
thrown [s\src\hotspot\share\prims\jni.cpp, line 517]

VM Operations (20 events):
Event: 75.381 Executing VM operation: HandshakeAllThreads done
Event: 75.846 Executing VM operation: G1CollectForAllocation
Event: 75.898 Executing VM operation: G1CollectForAllocation done
Event: 76.122 Executing VM operation: HandshakeAllThreads
Event: 76.122 Executing VM operation: HandshakeAllThreads done
Event: 76.543 Executing VM operation: HandshakeAllThreads
Event: 76.543 Executing VM operation: HandshakeAllThreads done
Event: 76.760 Executing VM operation: HandshakeAllThreads
Event: 76.760 Executing VM operation: HandshakeAllThreads done
Event: 77.125 Executing VM operation: ICBufferFull
Event: 77.125 Executing VM operation: ICBufferFull done
Event: 77.948 Executing VM operation: ICBufferFull
Event: 77.948 Executing VM operation: ICBufferFull done
Event: 78.126 Executing VM operation: HandshakeAllThreads
Event: 78.126 Executing VM operation: HandshakeAllThreads done
Event: 78.415 Executing VM operation: HandshakeAllThreads
Event: 78.416 Executing VM operation: HandshakeAllThreads done
Event: 78.478 Executing VM operation: HandshakeAllThreads
Event: 78.479 Executing VM operation: HandshakeAllThreads done
Event: 78.481 Executing VM operation: G1CollectForAllocation

Events (20 events):
Event: 78.066 loading class com/sun/xml/internal/stream/events/EndElementEvent
Event: 78.067 loading class javax/xml/stream/events/EndElement
Event: 78.067 loading class javax/xml/stream/events/EndElement done
Event: 78.067 loading class com/sun/xml/internal/stream/events/EndElementEvent done
Event: 78.193 loading class java/util/zip/ZipInputStream
Event: 78.194 loading class java/util/zip/ZipInputStream done
Event: 78.230 loading class java/nio/file/FileChannelLinesSpliterator
Event: 78.231 loading class java/nio/file/FileChannelLinesSpliterator done
Event: 78.233 loading class java/util/stream/Streams$1
Event: 78.233 loading class java/util/stream/Streams$1 done
Event: 78.248 loading class java/nio/file/FileChannelLinesSpliterator$1
Event: 78.248 loading class java/nio/file/FileChannelLinesSpliterator$1 done
Event: 78.424 loading class java/net/HttpURLConnection
Event: 78.426 loading class java/net/HttpURLConnection done
Event: 78.427 loading class sun/net/ProgressMonitor
Event: 78.428 loading class sun/net/ProgressMonitor done
Event: 78.428 loading class sun/net/DefaultProgressMeteringPolicy
Event: 78.428 loading class sun/net/ProgressMeteringPolicy
Event: 78.428 loading class sun/net/ProgressMeteringPolicy done
Event: 78.428 loading class sun/net/DefaultProgressMeteringPolicy done


Dynamic libraries:
0x00007ff663440000 - 0x00007ff66344a000 	C:\Program Files\Android\Android Studio\jbr\bin\java.exe
0x00007ff8d9eb0000 - 0x00007ff8da0a8000 	C:\WINDOWS\SYSTEM32\ntdll.dll
0x00007ff8c17e0000 - 0x00007ff8c17f9000 	C:\Program Files\Avast Software\Avast\aswhook.dll
0x00007ff8d9b70000 - 0x00007ff8d9c2d000 	C:\WINDOWS\System32\KERNEL32.DLL
0x00007ff8d7c10000 - 0x00007ff8d7f06000 	C:\WINDOWS\System32\KERNELBASE.dll
0x00007ff8d7840000 - 0x00007ff8d7940000 	C:\WINDOWS\System32\ucrtbase.dll
0x00007ff8a94c0000 - 0x00007ff8a94d7000 	C:\Program Files\Android\Android Studio\jbr\bin\jli.dll
0x00007ff8d9100000 - 0x00007ff8d929e000 	C:\WINDOWS\System32\USER32.dll
0x00007ff8d76f0000 - 0x00007ff8d7712000 	C:\WINDOWS\System32\win32u.dll
0x00007ff8d9d10000 - 0x00007ff8d9d3c000 	C:\WINDOWS\System32\GDI32.dll
0x00007ff8d79b0000 - 0x00007ff8d7aca000 	C:\WINDOWS\System32\gdi32full.dll
0x00007ff8d7750000 - 0x00007ff8d77ed000 	C:\WINDOWS\System32\msvcp_win.dll
0x00007ff8d6970000 - 0x00007ff8d6c0a000 	C:\WINDOWS\WinSxS\amd64_microsoft.windows.common-controls_6595b64144ccf1df_6.0.19041.1110_none_60b5254171f9507e\COMCTL32.dll
0x00007ff8d94f0000 - 0x00007ff8d958e000 	C:\WINDOWS\System32\msvcrt.dll
0x00007ff8d55e0000 - 0x00007ff8d55fb000 	C:\Program Files\Android\Android Studio\jbr\bin\VCRUNTIME140.dll
0x00007ff8d8200000 - 0x00007ff8d8230000 	C:\WINDOWS\System32\IMM32.DLL
0x00007ff8d5420000 - 0x00007ff8d542c000 	C:\Program Files\Android\Android Studio\jbr\bin\vcruntime140_1.dll
0x00007ff8aebc0000 - 0x00007ff8aec4d000 	C:\Program Files\Android\Android Studio\jbr\bin\msvcp140.dll
0x00007ff87ec20000 - 0x00007ff87f88e000 	C:\Program Files\Android\Android Studio\jbr\bin\server\jvm.dll
0x00007ff8d7f10000 - 0x00007ff8d7fbe000 	C:\WINDOWS\System32\ADVAPI32.dll
0x00007ff8d9660000 - 0x00007ff8d96fc000 	C:\WINDOWS\System32\sechost.dll
0x00007ff8d8420000 - 0x00007ff8d8546000 	C:\WINDOWS\System32\RPCRT4.dll
0x00007ff8c7010000 - 0x00007ff8c701a000 	C:\WINDOWS\SYSTEM32\VERSION.dll
0x00007ff8b7ef0000 - 0x00007ff8b7f17000 	C:\WINDOWS\SYSTEM32\WINMM.dll
0x00007ff8c1ea0000 - 0x00007ff8c1ea9000 	C:\WINDOWS\SYSTEM32\WSOCK32.dll
0x00007ff8d8d10000 - 0x00007ff8d8d7b000 	C:\WINDOWS\System32\ws2_32.DLL
0x00007ff8d5740000 - 0x00007ff8d5752000 	C:\WINDOWS\SYSTEM32\kernel.appcore.dll
0x00007ff8cdee0000 - 0x00007ff8cdeea000 	C:\Program Files\Android\Android Studio\jbr\bin\jimage.dll
0x00007ff8d6f00000 - 0x00007ff8d70e4000 	C:\WINDOWS\SYSTEM32\DBGHELP.DLL
0x00007ff8d6ec0000 - 0x00007ff8d6ef4000 	C:\WINDOWS\SYSTEM32\dbgcore.DLL
0x00007ff8d7b80000 - 0x00007ff8d7c02000 	C:\WINDOWS\System32\bcryptPrimitives.dll
0x00007ff8c6910000 - 0x00007ff8c6935000 	C:\Program Files\Android\Android Studio\jbr\bin\java.dll
0x00007ff8ccba0000 - 0x00007ff8ccbb8000 	C:\Program Files\Android\Android Studio\jbr\bin\zip.dll
0x00007ff8d85b0000 - 0x00007ff8d8cf5000 	C:\WINDOWS\System32\SHELL32.dll
0x00007ff8d1780000 - 0x00007ff8d1f1b000 	C:\WINDOWS\SYSTEM32\windows.storage.dll
0x00007ff8d8da0000 - 0x00007ff8d90f4000 	C:\WINDOWS\System32\combase.dll
0x00007ff8d68d0000 - 0x00007ff8d68fe000 	C:\WINDOWS\SYSTEM32\Wldp.dll
0x00007ff8d9440000 - 0x00007ff8d94ed000 	C:\WINDOWS\System32\SHCORE.dll
0x00007ff8d83c0000 - 0x00007ff8d8415000 	C:\WINDOWS\System32\shlwapi.dll
0x00007ff8d74c0000 - 0x00007ff8d74e5000 	C:\WINDOWS\SYSTEM32\profapi.dll
0x00007ff8cbd30000 - 0x00007ff8cbd49000 	C:\Program Files\Android\Android Studio\jbr\bin\net.dll
0x00007ff8c5ff0000 - 0x00007ff8c60fa000 	C:\WINDOWS\SYSTEM32\WINHTTP.dll
0x00007ff8d65d0000 - 0x00007ff8d663a000 	C:\WINDOWS\system32\mswsock.dll
0x00007ff8c50e0000 - 0x00007ff8c50f6000 	C:\Program Files\Android\Android Studio\jbr\bin\nio.dll
0x00007ff8c6900000 - 0x00007ff8c6910000 	C:\Program Files\Android\Android Studio\jbr\bin\verify.dll
0x00007ff8c3440000 - 0x00007ff8c3467000 	C:\Users\NICOLAS\.gradle\native\68d5fa5c4cc2d200863cafc0d521ce42e7d3e7ee720ec0a83991735586a16f82\windows-amd64\native-platform.dll
0x00007ff893a20000 - 0x00007ff893b64000 	C:\Users\NICOLAS\.gradle\native\e376f236ea51e6404a007f0833ffe2c6e607c4080706a723a18a27aeea778392\windows-amd64\native-platform-file-events.dll
0x00007ff8c68e0000 - 0x00007ff8c68e9000 	C:\Program Files\Android\Android Studio\jbr\bin\management.dll
0x00007ff8c52c0000 - 0x00007ff8c52cb000 	C:\Program Files\Android\Android Studio\jbr\bin\management_ext.dll
0x00007ff8d8d00000 - 0x00007ff8d8d08000 	C:\WINDOWS\System32\PSAPI.DLL
0x00007ff8d7290000 - 0x00007ff8d72a8000 	C:\WINDOWS\SYSTEM32\CRYPTSP.dll
0x00007ff8d5f40000 - 0x00007ff8d5f74000 	C:\WINDOWS\system32\rsaenh.dll
0x00007ff8d7720000 - 0x00007ff8d7747000 	C:\WINDOWS\System32\bcrypt.dll
0x00007ff8d7480000 - 0x00007ff8d74ae000 	C:\WINDOWS\SYSTEM32\USERENV.dll
0x00007ff8d6840000 - 0x00007ff8d684c000 	C:\WINDOWS\SYSTEM32\CRYPTBASE.dll
0x00007ff8d62c0000 - 0x00007ff8d62fb000 	C:\WINDOWS\SYSTEM32\IPHLPAPI.DLL
0x00007ff8d92a0000 - 0x00007ff8d92a8000 	C:\WINDOWS\System32\NSI.dll
0x00007ff8c6280000 - 0x00007ff8c6297000 	C:\WINDOWS\SYSTEM32\dhcpcsvc6.DLL
0x00007ff8c6370000 - 0x00007ff8c638d000 	C:\WINDOWS\SYSTEM32\dhcpcsvc.DLL
0x00007ff8d6300000 - 0x00007ff8d63ca000 	C:\WINDOWS\SYSTEM32\DNSAPI.dll
0x00007ff8c4c60000 - 0x00007ff8c4c67000 	C:\WINDOWS\system32\wshunix.dll
0x00007ff8c2e10000 - 0x00007ff8c2e1a000 	C:\Windows\System32\rasadhlp.dll
0x00007ff8c2e30000 - 0x00007ff8c2eb2000 	C:\WINDOWS\System32\fwpuclnt.dll
0x00007ff8d7170000 - 0x00007ff8d71a3000 	C:\WINDOWS\SYSTEM32\ntmarta.dll

dbghelp: loaded successfully - version: 4.0.5 - missing functions: none
symbol engine: initialized successfully - sym options: 0x614 - pdb path: .;C:\Program Files\Android\Android Studio\jbr\bin;C:\WINDOWS\SYSTEM32;C:\Program Files\Avast Software\Avast;C:\WINDOWS\WinSxS\amd64_microsoft.windows.common-controls_6595b64144ccf1df_6.0.19041.1110_none_60b5254171f9507e;C:\Program Files\Android\Android Studio\jbr\bin\server;C:\Users\NICOLAS\.gradle\native\68d5fa5c4cc2d200863cafc0d521ce42e7d3e7ee720ec0a83991735586a16f82\windows-amd64;C:\Users\NICOLAS\.gradle\native\e376f236ea51e6404a007f0833ffe2c6e607c4080706a723a18a27aeea778392\windows-amd64

VM Arguments:
jvm_args: --add-opens=java.base/java.util=ALL-UNNAMED --add-opens=java.base/java.lang=ALL-UNNAMED --add-opens=java.base/java.lang.invoke=ALL-UNNAMED --add-opens=java.prefs/java.util.prefs=ALL-UNNAMED --add-opens=java.base/java.nio.charset=ALL-UNNAMED --add-opens=java.base/java.net=ALL-UNNAMED --add-opens=java.base/java.util.concurrent.atomic=ALL-UNNAMED -Xmx2048m -Dfile.encoding=UTF-8 -Duser.country=CO -Duser.language=es -Duser.variant 
java_command: org.gradle.launcher.daemon.bootstrap.GradleDaemon 8.0
java_class_path (initial): C:\Users\NICOLAS\.gradle\wrapper\dists\gradle-8.0-bin\ca5e32bp14vu59qr306oxotwh\gradle-8.0\lib\gradle-launcher-8.0.jar
Launcher Type: SUN_STANDARD

[Global flags]
     intx CICompilerCount                          = 3                                         {product} {ergonomic}
     uint ConcGCThreads                            = 1                                         {product} {ergonomic}
     uint G1ConcRefinementThreads                  = 4                                         {product} {ergonomic}
   size_t G1HeapRegionSize                         = 1048576                                   {product} {ergonomic}
    uintx GCDrainStackTargetSize                   = 64                                        {product} {ergonomic}
   size_t InitialHeapSize                          = 67108864                                  {product} {ergonomic}
   size_t MarkStackSize                            = 4194304                                   {product} {ergonomic}
   size_t MaxHeapSize                              = 2147483648                                {product} {command line}
   size_t MaxNewSize                               = 1287651328                                {product} {ergonomic}
   size_t MinHeapDeltaBytes                        = 1048576                                   {product} {ergonomic}
   size_t MinHeapSize                              = 8388608                                   {product} {ergonomic}
    uintx NonNMethodCodeHeapSize                   = 5832780                                {pd product} {ergonomic}
    uintx NonProfiledCodeHeapSize                  = 122912730                              {pd product} {ergonomic}
    uintx ProfiledCodeHeapSize                     = 122912730                              {pd product} {ergonomic}
    uintx ReservedCodeCacheSize                    = 251658240                              {pd product} {ergonomic}
     bool SegmentedCodeCache                       = true                                      {product} {ergonomic}
   size_t SoftMaxHeapSize                          = 2147483648                             {manageable} {ergonomic}
     bool UseCompressedClassPointers               = true                           {product lp64_product} {ergonomic}
     bool UseCompressedOops                        = true                           {product lp64_product} {ergonomic}
     bool UseG1GC                                  = true                                      {product} {ergonomic}
     bool UseLargePagesIndividualAllocation        = false                                  {pd product} {ergonomic}

Logging:
Log output configuration:
 #0: stdout all=warning uptime,level,tags
 #1: stderr all=off uptime,level,tags

Environment Variables:
JAVA_HOME=C:\Program Files\Java\jdk-13
PATH=C:\OracleXE\dbhomeXE\bin;C:\WINDOWS\system32;C:\WINDOWS;C:\WINDOWS\System32\Wbem;C:\WINDOWS\System32\WindowsPowerShell\v1.0\;C:\WINDOWS\System32\OpenSSH\;C:\Program Files\Git\cmd;C:\Program Files\Java\jdk-13\bin;C:\Program Files\Java\jdk-13\bin;"C:\Users\NICOLAS\AppData\Local\Microsoft\WindowsApps;C:\Program Files\Java\jdk-13\bin";;C:\Program Files\JetBrains\PyCharm Community Edition 2022.3.1\bin;
USERNAME=NICOLAS
OS=Windows_NT
PROCESSOR_IDENTIFIER=Intel64 Family 6 Model 78 Stepping 3, GenuineIntel
TMP=C:\Users\NICOLAS\AppData\Local\Temp
TEMP=C:\Users\NICOLAS\AppData\Local\Temp


JNI global refs:
JNI global refs: 25, weak refs: 34

JNI global refs memory usage: 843, weak refs: 841


---------------  S Y S T E M  ---------------

OS:
 Windows 10 , 64 bit Build 19041 (10.0.19041.3393)
OS uptime: 3 days 23:51 hours

CPU: total 4 (initial active 4) (2 cores per cpu, 2 threads per core) family 6 model 78 stepping 3 microcode 0xcc, cx8, cmov, fxsr, ht, mmx, 3dnowpref, sse, sse2, sse3, ssse3, sse4.1, sse4.2, popcnt, lzcnt, tsc, tscinvbit, avx, avx2, aes, erms, clmul, bmi1, bmi2, adx, fma, vzeroupper, clflush, clflushopt

Memory: 4k page, system-wide physical 3971M (213M free)
TotalPageFile size 8067M (AvailPageFile size 135M)
current process WorkingSet (physical memory assigned to process): 343M, peak: 348M
current process commit charge ("private bytes"): 468M, peak: 664M

vm_info: OpenJDK 64-Bit Server VM (17.0.6+0-b2043.56-10027231) for windows-amd64 JRE (17.0.6+0-b2043.56-10027231), built on Apr 28 2023 00:43:19 by "androidbuild" with MS VC++ 16.10 / 16.11 (VS2019)

END.
